// 重构日志: cc87f235
// 重构日志: 34e6b910
// 同步 ID: 6b366da5 @ Wed Jul  1 01:52:25 UTC 2026
// 同步 ID: d0195bf9 @ Wed Jul  1 19:31:01 UTC 2026
// 同步 ID: 6c915604 @ Thu Jul  2 06:12:54 UTC 2026
// 重构日志: 6329cef3
// 重构日志: 74dcfb6a
// 同步 ID: f135fb93 @ Fri Jul  3 16:11:51 UTC 2026
// 重构日志: bfbd0888
// 同步 ID: 7052480d @ Sun Jul  5 05:09:20 UTC 2026
// 同步 ID: 8f975287 @ Sun Jul  5 09:10:33 UTC 2026
// 重构日志: 84af2ae2
// 重构日志: b5f0df65
// 同步 ID: 63640e13 @ Sun Jul  5 17:14:55 UTC 2026
// 同步 ID: f56191fb @ Tue Jul  7 05:57:54 UTC 2026
// 同步 ID: 0fbc2830 @ Wed Jul  8 14:44:52 UTC 2026
// 同步 ID: da1afe16 @ Thu Jul  9 12:26:54 UTC 2026
// 重构日志: 072250f0
// 重构日志: 6b9aaea7
// 重构日志: 0a1430bc
// 重构日志: 94791fa0
// 重构日志: 9b126ab9
// 重构日志: d2102745
// 重构日志: 66cf6ffe
// 重构日志: 6bc784f4
// 同步 ID: dc192f44 @ Tue Jul 14 00:52:19 UTC 2026
// 重构日志: cb6f529e
// 同步 ID: 72751846 @ Tue Jul 14 06:30:50 UTC 2026
// 重构日志: de0574ae
// 同步 ID: cbe7549e @ Tue Jul 14 23:14:19 UTC 2026
